--------------------------------------------------
[0.024 0.3  ]
--------------------------------------------------
[0.02400001 0.3       ]
--------------------------------------------------
[0.024      0.30000001]
--------------------------------------------------
[0.00422921 0.3       ]
--------------------------------------------------
[0.00422923 0.3       ]
--------------------------------------------------
[0.00422921 0.30000001]
--------------------------------------------------
[0.00112605 0.3       ]
--------------------------------------------------
[0.00112606 0.3       ]
--------------------------------------------------
[0.00112605 0.30000001]
--------------------------------------------------
[0.00100023 0.3       ]
--------------------------------------------------
[0.00100025 0.3       ]
--------------------------------------------------
[0.00100023 0.30000001]
--------------------------------------------------
[0.024  0.3324]
--------------------------------------------------
[0.02400001 0.3324    ]
--------------------------------------------------
[0.024      0.33240001]
--------------------------------------------------
[0.00554201 0.3324    ]
--------------------------------------------------
[0.00554202 0.3324    ]
--------------------------------------------------
[0.00554201 0.33240001]
--------------------------------------------------
[0.00136475 0.3324    ]
--------------------------------------------------
[0.00136477 0.3324    ]
--------------------------------------------------
[0.00136475 0.33240001]
--------------------------------------------------
[0.0010034 0.3324   ]
--------------------------------------------------
[0.00100341 0.3324    ]
--------------------------------------------------
[0.0010034  0.33240001]
--------------------------------------------------
[0.024  0.3324]
--------------------------------------------------
[0.02400001 0.3324    ]
--------------------------------------------------
[0.024      0.33240001]
--------------------------------------------------
[0.00554201 0.3324    ]
--------------------------------------------------
[0.00554202 0.3324    ]
--------------------------------------------------
[0.00554201 0.33240001]
--------------------------------------------------
[0.00136475 0.3324    ]
--------------------------------------------------
[0.00136477 0.3324    ]
--------------------------------------------------
[0.00136475 0.33240001]
--------------------------------------------------
[0.0010034 0.3324   ]
--------------------------------------------------
[0.00100341 0.3324    ]
--------------------------------------------------
[0.0010034  0.33240001]
--------------------------------------------------
[0.024  0.3324]
--------------------------------------------------
[0.02400001 0.3324    ]
--------------------------------------------------
[0.024      0.33240001]
--------------------------------------------------
[0.00554201 0.3324    ]
--------------------------------------------------
[0.00554202 0.3324    ]
--------------------------------------------------
[0.00554201 0.33240001]
--------------------------------------------------
[0.00136475 0.3324    ]
--------------------------------------------------
[0.00136477 0.3324    ]
--------------------------------------------------
[0.00136475 0.33240001]
--------------------------------------------------
[0.0010034 0.3324   ]
--------------------------------------------------
[0.00100341 0.3324    ]
--------------------------------------------------
[0.0010034  0.33240001]
Optimized ua: 0.0010033976234033104
Optimized us: 0.3324
Optimized Reflectance (r): [0.0117478  0.00711157 0.0053761  0.00399905 0.00222851 0.0022792
 0.00156367 0.0014624  0.00175941 0.00135835]
--------------------------------------------------
[0.024  0.3324]
--------------------------------------------------
[0.02400001 0.3324    ]
--------------------------------------------------
[0.024      0.33240001]
Optimized ua: 0.024
Optimized us: 0.3324
Optimized Reflectance (r): [0.0113964  0.00672954 0.00492542 0.00354332 0.00197613 0.00202525
 0.00127893 0.00119866 0.00134954 0.00106415]
--------------------------------------------------
[0.024  0.3324]
--------------------------------------------------
[0.02400001 0.3324    ]
--------------------------------------------------
[0.024      0.33240001]
--------------------------------------------------
[0.00554201 0.3324    ]
--------------------------------------------------
[0.00554202 0.3324    ]
--------------------------------------------------
[0.00554201 0.33240001]
--------------------------------------------------
[0.00136475 0.3324    ]
--------------------------------------------------
[0.00136477 0.3324    ]
--------------------------------------------------
[0.00136475 0.33240001]
--------------------------------------------------
[0.0010034 0.3324   ]
--------------------------------------------------
[0.00100341 0.3324    ]
--------------------------------------------------
[0.0010034  0.33240001]
Optimized ua: 0.0010033976234033104
Optimized us: 0.3324
Optimized Reflectance (r): [0.0117478  0.00711157 0.0053761  0.00399905 0.00222851 0.0022792
 0.00156367 0.0014624  0.00175941 0.00135835]
--------------------------------------------------
[0.024  0.3324]
--------------------------------------------------
[0.02400001 0.3324    ]
--------------------------------------------------
[0.024      0.33240001]
--------------------------------------------------
[0.00554201 0.3324    ]
--------------------------------------------------
[0.00554202 0.3324    ]
--------------------------------------------------
[0.00554201 0.33240001]
--------------------------------------------------
[0.00136475 0.3324    ]
--------------------------------------------------
[0.00136477 0.3324    ]
--------------------------------------------------
[0.00136475 0.33240001]
--------------------------------------------------
[0.0010034 0.3324   ]
--------------------------------------------------
[0.00100341 0.3324    ]
--------------------------------------------------
[0.0010034  0.33240001]
Optimized ua: 0.0010033976234033104
Optimized us: 0.3324
Optimized Reflectance (r): [0.0117478  0.00711157 0.0053761  0.00399905 0.00222851 0.0022792
 0.00156367 0.0014624  0.00175941 0.00135835]
Target Reflectance (r): [0.017224096536046313, 0.007471655626211807, 0.0060548643240016875, 0.004308402758773683, 0.002837477484125674, 0.0020984815783706458, 0.0023184437171650347, 0.0018082351173437487, 0.00142540206117369, 0.001463391218167464]
--------------------------------------------------
[0.024  0.3324]
cost:  [5.82769332e-03 7.42113355e-04 1.12944031e-03 7.65080224e-04
 8.61348244e-04 7.32341322e-05 1.03951594e-03 6.09574545e-04
 7.58595560e-05 3.99239343e-04]
--------------------------------------------------
[0.02400001 0.3324    ]
cost:  [5.82769352e-03 7.42113583e-04 1.12944054e-03 7.65080462e-04
 8.61348372e-04 7.32342794e-05 1.03951610e-03 6.09574684e-04
 7.58597745e-05 3.99239473e-04]
--------------------------------------------------
[0.024      0.33240001]
cost:  [5.82769332e-03 7.42113355e-04 1.12944031e-03 7.65080224e-04
 8.61348244e-04 7.32341322e-05 1.03951594e-03 6.09574545e-04
 7.58595560e-05 3.99239343e-04]
--------------------------------------------------
[0.00554201 0.3324    ]
cost:  [0.00555103 0.00044189 0.00077702 0.00041412 0.00066343 0.0001254
 0.00082006 0.00040787 0.00023582 0.00017587]
--------------------------------------------------
[0.00554202 0.3324    ]
cost:  [0.00555103 0.00044189 0.00077702 0.00041412 0.00066343 0.0001254
 0.00082006 0.00040787 0.00023582 0.00017587]
--------------------------------------------------
[0.00554201 0.33240001]
cost:  [0.00555103 0.00044189 0.00077702 0.00041412 0.00066343 0.0001254
 0.00082006 0.00040787 0.00023582 0.00017587]
--------------------------------------------------
[0.00136475 0.3324    ]
cost:  [0.00548236 0.00036673 0.00068677 0.00031802 0.00061339 0.00017621
 0.00076016 0.000351   0.00032581 0.00011097]
--------------------------------------------------
[0.00136477 0.3324    ]
cost:  [0.00548236 0.00036673 0.00068677 0.00031802 0.00061339 0.00017621
 0.00076016 0.000351   0.00032581 0.00011097]
--------------------------------------------------
[0.00136475 0.33240001]
cost:  [0.00548236 0.00036673 0.00068677 0.00031802 0.00061339 0.00017621
 0.00076016 0.000351   0.00032581 0.00011097]
--------------------------------------------------
[0.0010034 0.3324   ]
cost:  [0.0054763  0.00036009 0.00067876 0.00030935 0.00060896 0.00018072
 0.00075477 0.00034583 0.000334   0.00010504]
--------------------------------------------------
[0.00100341 0.3324    ]
cost:  [0.0054763  0.00036009 0.00067876 0.00030935 0.00060896 0.00018072
 0.00075477 0.00034583 0.000334   0.00010504]
--------------------------------------------------
[0.0010034  0.33240001]
cost:  [0.0054763  0.00036009 0.00067876 0.00030935 0.00060896 0.00018072
 0.00075477 0.00034583 0.000334   0.00010504]
Optimized ua: 0.0010033976234033104
Optimized us: 0.3324
Optimized Reflectance (r): [0.0117478  0.00711157 0.0053761  0.00399905 0.00222851 0.0022792
 0.00156367 0.0014624  0.00175941 0.00135835]
Target Reflectance (r): [0.017224096536046313, 0.007471655626211807, 0.0060548643240016875, 0.004308402758773683, 0.002837477484125674, 0.0020984815783706458, 0.0023184437171650347, 0.0018082351173437487, 0.00142540206117369, 0.001463391218167464]
--------------------------------------------------
[0.024  0.3324]
cost:  0.01152309897571933
--------------------------------------------------
[0.02400001 0.3324    ]
cost:  0.01152310078192491
--------------------------------------------------
[0.024      0.33240001]
cost:  0.01152309897571933
--------------------------------------------------
[0.00554201 0.3324    ]
cost:  0.009612510499495013
--------------------------------------------------
[0.00554202 0.3324    ]
cost:  0.009612511953566398
--------------------------------------------------
[0.00554201 0.33240001]
cost:  0.009612510499495013
--------------------------------------------------
[0.00136475 0.3324    ]
cost:  0.009191412219191845
--------------------------------------------------
[0.00136477 0.3324    ]
cost:  0.00919141374915422
--------------------------------------------------
[0.00136475 0.33240001]
cost:  0.009191412219191845
--------------------------------------------------
[0.0010034 0.3324   ]
cost:  0.009153822084885025
--------------------------------------------------
[0.00100341 0.3324    ]
cost:  0.00915382367252455
--------------------------------------------------
[0.0010034  0.33240001]
cost:  0.009153822084885025
Optimized ua: 0.0010033976234033104
Optimized us: 0.3324
Optimized Reflectance (r): [0.0117478  0.00711157 0.0053761  0.00399905 0.00222851 0.0022792
 0.00156367 0.0014624  0.00175941 0.00135835]
Target Reflectance (r): [0.017224096536046313, 0.007471655626211807, 0.0060548643240016875, 0.004308402758773683, 0.002837477484125674, 0.0020984815783706458, 0.0023184437171650347, 0.0018082351173437487, 0.00142540206117369, 0.001463391218167464]
--------------------------------------------------
[0.024  0.3324]
cost:  0.01152309897571933
--------------------------------------------------
[0.02400001 0.3324    ]
cost:  0.01152310078192491
--------------------------------------------------
[0.024      0.33240001]
cost:  0.01152309897571933
--------------------------------------------------
[0.00548057 0.3324    ]
cost:  0.009606489945771015
--------------------------------------------------
[0.00548058 0.3324    ]
cost:  0.009606491448412632
--------------------------------------------------
[0.00548057 0.33240001]
cost:  0.009606489945771015
--------------------------------------------------
[0.00120127 0.3324    ]
cost:  0.00917442959130493
--------------------------------------------------
[0.00120128 0.3324    ]
cost:  0.009174431142516783
--------------------------------------------------
[0.00120127 0.33240001]
cost:  0.00917442959130493
--------------------------------------------------
[0.00100046 0.3324    ]
cost:  0.009153515394213092
--------------------------------------------------
[0.00100047 0.3324    ]
cost:  0.009153517057743612
--------------------------------------------------
[0.00100046 0.33240001]
cost:  0.009153515394213092
Optimized ua: 0.0010004586004449087
Optimized us: 0.3324
Optimized Reflectance (r): [0.01174785 0.00711162 0.00537617 0.00399912 0.00222855 0.00227924
 0.00156372 0.00146244 0.00175947 0.0013584 ]
Target Reflectance (r): [0.017224096536046313, 0.007471655626211807, 0.0060548643240016875, 0.004308402758773683, 0.002837477484125674, 0.0020984815783706458, 0.0023184437171650347, 0.0018082351173437487, 0.00142540206117369, 0.001463391218167464]
--------------------------------------------------
[0.024  0.3324]
cost:  0.01152309897571933
--------------------------------------------------
[0.02400001 0.3324    ]
cost:  0.01152310078192491
--------------------------------------------------
[0.024      0.33240001]
cost:  0.01152309897571933
--------------------------------------------------
[0.00548057 0.3324    ]
cost:  0.009606489945771015
--------------------------------------------------
[0.00548058 0.3324    ]
cost:  0.009606491448412632
--------------------------------------------------
[0.00548057 0.33240001]
cost:  0.009606489945771015
--------------------------------------------------
[0.00120127 0.3324    ]
cost:  0.00917442959130493
--------------------------------------------------
[0.00120128 0.3324    ]
cost:  0.009174431142516783
--------------------------------------------------
[0.00120127 0.33240001]
cost:  0.00917442959130493
--------------------------------------------------
[0.00100046 0.3324    ]
cost:  0.009153515394213092
--------------------------------------------------
[0.00100047 0.3324    ]
cost:  0.009153517057743612
--------------------------------------------------
[0.00100046 0.33240001]
cost:  0.009153515394213092
Optimized ua: 0.0010004586004449087
Optimized us: 0.3324
Optimized Reflectance (r): [0.01174785 0.00711162 0.00537617 0.00399912 0.00222855 0.00227924
 0.00156372 0.00146244 0.00175947 0.0013584 ]
Target Reflectance (r): [0.017224096536046313, 0.007471655626211807, 0.0060548643240016875, 0.004308402758773683, 0.002837477484125674, 0.0020984815783706458, 0.0023184437171650347, 0.0018082351173437487, 0.00142540206117369, 0.001463391218167464]
--------------------------------------------------
[0.024  0.3324]
cost:  0.01152309897571933
--------------------------------------------------
[0.02400001 0.3324    ]
cost:  0.01152310078192491
--------------------------------------------------
[0.024      0.33240001]
cost:  0.01152309897571933
--------------------------------------------------
[0.00548057 0.3324    ]
cost:  0.009606489945771015
--------------------------------------------------
[0.00548058 0.3324    ]
cost:  0.009606491448412632
--------------------------------------------------
[0.00548057 0.33240001]
cost:  0.009606489945771015
--------------------------------------------------
[0.00120127 0.3324    ]
cost:  0.00917442959130493
--------------------------------------------------
[0.00120128 0.3324    ]
cost:  0.009174431142516783
--------------------------------------------------
[0.00120127 0.33240001]
cost:  0.00917442959130493
--------------------------------------------------
[0.00100046 0.3324    ]
cost:  0.009153515394213092
--------------------------------------------------
[0.00100047 0.3324    ]
cost:  0.009153517057743612
--------------------------------------------------
[0.00100046 0.33240001]
cost:  0.009153515394213092
Optimized ua: 0.0010004586004449087
Optimized us: 0.3324
Optimized Reflectance (r): [0.01174785 0.00711162 0.00537617 0.00399912 0.00222855 0.00227924
 0.00156372 0.00146244 0.00175947 0.0013584 ]
Target Reflectance (r): [0.017224096536046313, 0.007471655626211807, 0.0060548643240016875, 0.004308402758773683, 0.002837477484125674, 0.0020984815783706458, 0.0023184437171650347, 0.0018082351173437487, 0.00142540206117369, 0.001463391218167464]
--------------------------------------------------
[0.024  0.3324]
cost:  0.01152309897571933
--------------------------------------------------
[0.02400001 0.3324    ]
cost:  0.01152310078192491
--------------------------------------------------
[0.024      0.33240001]
cost:  0.01152309897571933
--------------------------------------------------
[-0.3092653  0.3324   ]
cost:  493.8272942384974
--------------------------------------------------
[-0.05931632  0.3324    ]
cost:  0.020443319228508117
--------------------------------------------------
[0.00317092 0.3324    ]
cost:  0.009376469337243417
--------------------------------------------------
[0.00317093 0.3324    ]
cost:  0.009376470964346259
--------------------------------------------------
[0.00317092 0.33240001]
cost:  0.009376469337243417
--------------------------------------------------
[-0.03848724  0.3324    ]
cost:  0.011373479307972948
--------------------------------------------------
[-0.00724362  0.3324    ]
cost:  0.00833190739915319
--------------------------------------------------
[-0.00724364  0.3324    ]
cost:  0.008331906245610128
--------------------------------------------------
[-0.00724362  0.33240001]
cost:  0.00833190739915319
--------------------------------------------------
[-0.0280727  0.3324   ]
cost:  0.009102447858160107
--------------------------------------------------
[-0.01245089  0.3324    ]
cost:  0.00804277001741353
--------------------------------------------------
[-0.01245091  0.3324    ]
cost:  0.008042769750277245
--------------------------------------------------
[-0.01245089  0.33240001]
cost:  0.00804277001741353
--------------------------------------------------
[-0.01765816  0.3324    ]
cost:  0.007993634055822187
--------------------------------------------------
[-0.01765818  0.3324    ]
cost:  0.007993634662950114
--------------------------------------------------
[-0.01765816  0.33240001]
cost:  0.007993634055822187
--------------------------------------------------
[-0.01245089  0.3324    ]
cost:  0.00804277001741353
--------------------------------------------------
[-0.01635634  0.3324    ]
cost:  0.007976530193215866
--------------------------------------------------
[-0.01635636  0.3324    ]
cost:  0.00797653001714877
--------------------------------------------------
[-0.01635634  0.33240001]
cost:  0.007976530193215866
--------------------------------------------------
[-0.01765816  0.3324    ]
cost:  0.007993634055822187
--------------------------------------------------
[-0.0166818  0.3324   ]
cost:  0.007971444185437425
--------------------------------------------------
[-0.01668181  0.3324    ]
cost:  0.00797144408222568
--------------------------------------------------
[-0.0166818   0.33240001]
cost:  0.007971444185437425
--------------------------------------------------
[-0.01733271  0.3324    ]
cost:  0.007983958828762214
--------------------------------------------------
[-0.01684453  0.3324    ]
cost:  0.00796968437088121
--------------------------------------------------
[-0.01684454  0.3324    ]
cost:  0.007969684741229246
--------------------------------------------------
[-0.01684453  0.33240001]
cost:  0.00796968437088121
--------------------------------------------------
[-0.01651907  0.3324    ]
cost:  0.007973978331330202
--------------------------------------------------
[-0.01676316  0.3324    ]
cost:  0.007970183915359452
--------------------------------------------------
[-0.01682419  0.3324    ]
cost:  0.00796924184102761
--------------------------------------------------
[-0.0168242  0.3324   ]
cost:  0.007969241671031788
--------------------------------------------------
[-0.01682419  0.33240001]
cost:  0.00796924184102761
--------------------------------------------------
[-0.01686487  0.3324    ]
cost:  0.007970273436751628
--------------------------------------------------
[-0.01683436  0.3324    ]
cost:  0.007969389974549785
--------------------------------------------------
[-0.01682673  0.3324    ]
cost:  0.00796920251735183
--------------------------------------------------
[-0.01682674  0.3324    ]
cost:  0.007969202286643216
--------------------------------------------------
[-0.01682673  0.33240001]
cost:  0.00796920251735183
--------------------------------------------------
[-0.01683181  0.3324    ]
cost:  0.007969316560640946
--------------------------------------------------
[-0.016828  0.3324  ]
cost:  0.007969205996574302
--------------------------------------------------
[-0.01682705  0.3324    ]
cost:  0.007969197611758187
--------------------------------------------------
[-0.01682706  0.3324    ]
cost:  0.00796919756318795
--------------------------------------------------
[-0.01682705  0.33240001]
cost:  0.007969197611758187
--------------------------------------------------
[-0.01682768  0.3324    ]
cost:  0.007969196853227731
--------------------------------------------------
[-0.0168277  0.3324   ]
cost:  0.007969197399642865
--------------------------------------------------
[-0.01682768  0.33240001]
cost:  0.007969196853227731
--------------------------------------------------
[-0.01682705  0.3324    ]
cost:  0.007969197611758187
--------------------------------------------------
[-0.01682752  0.3324    ]
cost:  0.007969192245126771
--------------------------------------------------
[-0.01682754  0.3324    ]
cost:  0.007969192730829114
--------------------------------------------------
[-0.01682752  0.33240001]
cost:  0.007969192245126771
--------------------------------------------------
[-0.0168272  0.3324   ]
cost:  0.00796919527431567
--------------------------------------------------
[-0.01682744  0.3324    ]
cost:  0.007969191540478923
--------------------------------------------------
[-0.01682746  0.3324    ]
cost:  0.007969191279413913
--------------------------------------------------
[-0.01682744  0.33240001]
cost:  0.007969191540478923
--------------------------------------------------
[-0.01682752  0.3324    ]
cost:  0.007969192245126771
--------------------------------------------------
[-0.01682746  0.3324    ]
cost:  0.007969191224772399
--------------------------------------------------
[-0.01682748  0.3324    ]
cost:  0.007969191043013477
--------------------------------------------------
[-0.01682746  0.33240001]
cost:  0.007969191224772399
--------------------------------------------------
[-0.0168275  0.3324   ]
cost:  0.007969191686569082
--------------------------------------------------
[-0.01682747  0.3324    ]
cost:  0.00796919097584995
--------------------------------------------------
[-0.01682749  0.3324    ]
cost:  0.007969191346577439
--------------------------------------------------
[-0.01682747  0.33240001]
cost:  0.00796919097584995
--------------------------------------------------
[-0.01682745  0.3324    ]
cost:  0.007969191340126709
--------------------------------------------------
[-0.01682747  0.3324    ]
cost:  0.007969191060847858
--------------------------------------------------
[-0.01682747  0.3324    ]
cost:  0.007969191006206345
--------------------------------------------------
[-0.01682747  0.3324    ]
cost:  0.00796919097584995
--------------------------------------------------
[-0.01682747  0.3324    ]
cost:  0.00796919097584995
--------------------------------------------------
[-0.01682747  0.3324    ]
cost:  0.00796919097584995
--------------------------------------------------
[-0.01682747  0.3324    ]
cost:  0.00796919097584995
--------------------------------------------------
[-0.01682747  0.3324    ]
cost:  0.00796919097584995
--------------------------------------------------
[-0.01682747  0.3324    ]
cost:  0.00796919097584995
--------------------------------------------------
[-0.01682747  0.3324    ]
cost:  0.00796919097584995
--------------------------------------------------
[-0.01682747  0.3324    ]
cost:  0.00796919097584995
--------------------------------------------------
[-0.01682747  0.3324    ]
cost:  0.00796919097584995
--------------------------------------------------
[-0.01682747  0.3324    ]
cost:  0.00796919097584995
--------------------------------------------------
[-0.01682747  0.3324    ]
cost:  0.00796919097584995
--------------------------------------------------
[-0.01682747  0.3324    ]
cost:  0.00796919097584995
--------------------------------------------------
[-0.01682747  0.3324    ]
cost:  0.00796919097584995
Optimized ua: -0.016827473098628788
Optimized us: 0.3324
Optimized Reflectance (r): [0.01207463 0.00747166 0.00581833 0.00451502 0.0024695  0.00252877
 0.0018779  0.00177988 0.00226612 0.00173208]
Target Reflectance (r): [0.017224096536046313, 0.007471655626211807, 0.0060548643240016875, 0.004308402758773683, 0.002837477484125674, 0.0020984815783706458, 0.0023184437171650347, 0.0018082351173437487, 0.00142540206117369, 0.001463391218167464]
--------------------------------------------------
[0.024  0.3324]
cost:  0.01152309897571933
--------------------------------------------------
[0.02400001 0.3324    ]
cost:  0.01152310078192491
--------------------------------------------------
[0.024      0.33240001]
cost:  0.01152309897571933
--------------------------------------------------
[0.00483768 0.3324    ]
cost:  0.009543189431252052
--------------------------------------------------
[0.00483769 0.3324    ]
cost:  0.00954319093085803
--------------------------------------------------
[0.00483768 0.33240001]
cost:  0.009543189431252052
--------------------------------------------------
[2.34816538e-04 3.32400000e-01]
cost:  0.009073227030507051
--------------------------------------------------
[2.34831439e-04 3.32400000e-01]
cost:  0.00907322859993274
--------------------------------------------------
[2.34816538e-04 3.32400015e-01]
cost:  0.009073227030507051
--------------------------------------------------
[6.3831354e-07 3.3240000e-01]
cost:  0.009048494602851549
--------------------------------------------------
[6.53214702e-07 3.32400000e-01]
cost:  0.009048496075136773
--------------------------------------------------
[6.38313540e-07 3.32400015e-01]
cost:  0.009048494602851549
--------------------------------------------------
[4.44898146e-12 3.32400000e-01]
cost:  0.009048426996121328
--------------------------------------------------
[1.49056102e-08 3.32400000e-01]
cost:  0.009048428216448459
--------------------------------------------------
[4.44898146e-12 3.32400015e-01]
cost:  0.009048426996121328
Optimized ua: 4.448981463364318e-12
Optimized us: 0.3324
Optimized Reflectance (r): [0.01176473 0.00713014 0.00539854 0.00402344 0.0022409  0.00229183
 0.00157882 0.00147696 0.00178254 0.0013751 ]
Target Reflectance (r): [0.017224096536046313, 0.007471655626211807, 0.0060548643240016875, 0.004308402758773683, 0.002837477484125674, 0.0020984815783706458, 0.0023184437171650347, 0.0018082351173437487, 0.00142540206117369, 0.001463391218167464]
--------------------------------------------------
[0.024  0.3324]
cost:  0.01152309897571933
--------------------------------------------------
[0.02400001 0.3324    ]
cost:  0.01152310078192491
--------------------------------------------------
[0.024      0.33240001]
cost:  0.01152309897571933
--------------------------------------------------
[0.00548057 0.3324    ]
cost:  0.009606489945771015
--------------------------------------------------
[0.00548058 0.3324    ]
cost:  0.009606491448412632
--------------------------------------------------
[0.00548057 0.33240001]
cost:  0.009606489945771015
--------------------------------------------------
[0.00120127 0.3324    ]
cost:  0.00917442959130493
--------------------------------------------------
[0.00120128 0.3324    ]
cost:  0.009174431142516783
--------------------------------------------------
[0.00120127 0.33240001]
cost:  0.00917442959130493
--------------------------------------------------
[0.00100046 0.3324    ]
cost:  0.009153515394213092
--------------------------------------------------
[0.00100047 0.3324    ]
cost:  0.009153517057743612
--------------------------------------------------
[0.00100046 0.33240001]
cost:  0.009153515394213092
--------------------------------------------------
[0.001  0.3324]
cost:  0.009153467813597514
--------------------------------------------------
[0.00100001 0.3324    ]
cost:  0.009153469392130123
--------------------------------------------------
[0.001      0.33240001]
cost:  0.009153467813597514
Optimized ua: 0.0010000000025650112
Optimized us: 0.3324
Optimized Reflectance (r): [0.01174785 0.00711163 0.00537618 0.00399914 0.00222856 0.00227924
 0.00156372 0.00146245 0.00175948 0.00135841]
Target Reflectance (r): [0.017224096536046313, 0.007471655626211807, 0.0060548643240016875, 0.004308402758773683, 0.002837477484125674, 0.0020984815783706458, 0.0023184437171650347, 0.0018082351173437487, 0.00142540206117369, 0.001463391218167464]
--------------------------------------------------
[0.024  0.3324]
cost:  0.01152309897571933
--------------------------------------------------
[0.02400001 0.3324    ]
cost:  0.01152310078192491
--------------------------------------------------
[0.024      0.33240001]
cost:  0.01152309897571933
--------------------------------------------------
[0.001  0.3324]
cost:  0.009153467813597514
--------------------------------------------------
[0.00100001 0.3324    ]
cost:  0.009153469392130123
--------------------------------------------------
[0.001      0.33240001]
cost:  0.009153467813597514
Optimized ua: 0.001
Optimized us: 0.3324
Optimized Reflectance (r): [0.01174785 0.00711163 0.00537618 0.00399914 0.00222856 0.00227924
 0.00156372 0.00146245 0.00175948 0.00135841]
Target Reflectance (r): [0.017224096536046313, 0.007471655626211807, 0.0060548643240016875, 0.004308402758773683, 0.002837477484125674, 0.0020984815783706458, 0.0023184437171650347, 0.0018082351173437487, 0.00142540206117369, 0.001463391218167464]--------------------------------------------------
[0.024  0.3324]
cost:  0.01152309897571933
--------------------------------------------------
[0.02400001 0.3324    ]
cost:  0.01152310078192491
--------------------------------------------------
[0.024      0.33240001]
cost:  0.01152309897571933
--------------------------------------------------
[0.001  0.3324]
cost:  0.009153467813597514
--------------------------------------------------
[0.00100001 0.3324    ]
cost:  0.009153469392130123
--------------------------------------------------
[0.001      0.33240001]
cost:  0.009153467813597514
Optimized ua: 0.001
Optimized us: 0.3324
Optimized Reflectance (r): [0.01174785 0.00711163 0.00537618 0.00399914 0.00222856 0.00227924
 0.00156372 0.00146245 0.00175948 0.00135841]
Target Reflectance (r): [0.017224096536046313, 0.007471655626211807, 0.0060548643240016875, 0.004308402758773683, 0.002837477484125674, 0.0020984815783706458, 0.0023184437171650347, 0.0018082351173437487, 0.00142540206117369, 0.001463391218167464]
--------------------------------------------------
[0.024  0.3324]
cost:  0.01152309897571933
--------------------------------------------------
[0.02400001 0.3324    ]
cost:  0.01152310078192491
--------------------------------------------------
[0.024      0.33240001]
cost:  0.01152309897571933
--------------------------------------------------
[0.001  0.3324]
cost:  0.009153467813597514
--------------------------------------------------
[0.00100001 0.3324    ]
cost:  0.009153469392130123
--------------------------------------------------
[0.001      0.33240001]
cost:  0.009153467813597514
Optimized ua: 0.001
Optimized us: 0.3324
Optimized Reflectance (r): [0.01174785 0.00711163 0.00537618 0.00399914 0.00222856 0.00227924
 0.00156372 0.00146245 0.00175948 0.00135841]
Target Reflectance (r): [0.017224096536046313, 0.007471655626211807, 0.0060548643240016875, 0.004308402758773683, 0.002837477484125674, 0.0020984815783706458, 0.0023184437171650347, 0.0018082351173437487, 0.00142540206117369, 0.001463391218167464]
--------------------------------------------------
[0.024  0.3324]
cost:  0.01152309897571933
--------------------------------------------------
[0.02400001 0.3324    ]
cost:  0.01152310078192491
--------------------------------------------------
[0.024      0.33240001]
cost:  0.01152309897571933
--------------------------------------------------
[0.001  0.3324]
cost:  0.009153467813597514
--------------------------------------------------
[0.00100001 0.3324    ]
cost:  0.009153469392130123
--------------------------------------------------
[0.001      0.33240001]
cost:  0.009153467813597514
Optimized ua: 0.001
Optimized us: 0.3324
<class 'numpy.ndarray'>
Optimized Reflectance (r): [0.01174785 0.00711163 0.00537618 0.00399914 0.00222856 0.00227924
 0.00156372 0.00146245 0.00175948 0.00135841]
<class 'list'>
Target Reflectance (r): [0.017224096536046313, 0.007471655626211807, 0.0060548643240016875, 0.004308402758773683, 0.002837477484125674, 0.0020984815783706458, 0.0023184437171650347, 0.0018082351173437487, 0.00142540206117369, 0.001463391218167464]
--------------------------------------------------
[1. 1.]
cost:  0.018930370393477246
--------------------------------------------------
[0.99999999 1.        ]
cost:  0.018930370393477246
--------------------------------------------------
[1.         0.99999999]
cost:  0.018930370393477246
Optimized ua: 1.0
Optimized us: 1.0
Optimized Reflectance (r): [0.02038855274969253, 0.006462228416704854, 0.0029065371659083195, 0.0015765986109240776, 0.001231238825937092, 0.0007538493646950142, 0.00045413228364675294, 0.00032721721775208354, 0.00018583908519351748, 0.00012279873474069656]
Target Reflectance (r): [0.017224096536046313, 0.007471655626211807, 0.0060548643240016875, 0.004308402758773683, 0.002837477484125674, 0.0020984815783706458, 0.0023184437171650347, 0.0018082351173437487, 0.00142540206117369, 0.001463391218167464]
--------------------------------------------------
[0.1 0.1]
cost:  0.03798080704504721
--------------------------------------------------
[0.10000001 0.1       ]
cost:  0.03798080778690587
--------------------------------------------------
[0.1        0.10000001]
cost:  0.03798080686584121
--------------------------------------------------
[0.04243336 0.36604993]
cost:  0.011739053112835797
--------------------------------------------------
[0.04243338 0.36604993]
cost:  0.011739054745251009
--------------------------------------------------
[0.04243336 0.36604995]
cost:  0.011739053112835797
--------------------------------------------------
[0.01255336 0.36604993]
cost:  0.009744344870321962
--------------------------------------------------
[0.01255337 0.36604993]
cost:  0.009744344902196181
--------------------------------------------------
[0.01255336 0.36604995]
cost:  0.009744344870321962
--------------------------------------------------
[0.00102923 0.36604993]
cost:  0.0097152985498282
--------------------------------------------------
[0.00102924 0.36604993]
cost:  0.009715298525543084
--------------------------------------------------
[0.00102923 0.36604995]
cost:  0.0097152985498282
--------------------------------------------------
[0.67037462 0.36604993]
cost:  0.03257090023994561
--------------------------------------------------
[0.16836558 0.36604993]
cost:  0.020525781846177198
--------------------------------------------------
[0.04286331 0.36604993]
cost:  0.011787050616219557
--------------------------------------------------
[0.01148775 0.36604993]
cost:  0.009739624663190352
--------------------------------------------------
[0.00364386 0.36604993]
cost:  0.009717229605195464
--------------------------------------------------
[0.00168288 0.36604993]
cost:  0.009715491136877679
--------------------------------------------------
[0.00119264 0.36604993]
cost:  0.009715328062316696
--------------------------------------------------
[0.00107008 0.36604993]
cost:  0.009715304727354851
--------------------------------------------------
[0.00103944 0.36604993]
cost:  0.009715300003899582
--------------------------------------------------
[0.00103178 0.36604993]
cost:  0.009715298871606
--------------------------------------------------
[0.00102987 0.36604993]
cost:  0.009715298601434072
--------------------------------------------------
[0.00102939 0.36604993]
cost:  0.009715298595362794
--------------------------------------------------
[0.00102927 0.36604993]
cost:  0.009715298498222325
--------------------------------------------------
[0.00102928 0.36604993]
cost:  0.009715298422331334
--------------------------------------------------
[0.00102927 0.36604995]
cost:  0.009715298498222325
--------------------------------------------------
[0.00102935 0.36604993]
cost:  0.009715298589291514
--------------------------------------------------
[0.00102929 0.36604993]
cost:  0.009715298480008487
--------------------------------------------------
[0.0010293  0.36604993]
cost:  0.009715298443580813
--------------------------------------------------
[0.00102929 0.36604995]
cost:  0.009715298480008487
--------------------------------------------------
[0.00102929 0.36604993]
cost:  0.009715298461794648
--------------------------------------------------
[0.00102931 0.36604993]
cost:  0.009715298476972849
--------------------------------------------------
[0.00102929 0.36604995]
cost:  0.009715298461794648
Optimized ua: 0.001029291772015843
Optimized us: 0.36604993484191073
Optimized Reflectance (r): [0.014081908749701435, 0.005477526236728036, 0.004864169718325484, 0.0031945757228051077, 0.003083340281957196, 0.0026767572130785384, 0.0020744274218917657, 0.002171222619471499, 0.0016675811873422073, 0.0020645295063797353]
Target Reflectance (r): [0.017224096536046313, 0.007471655626211807, 0.0060548643240016875, 0.004308402758773683, 0.002837477484125674, 0.0020984815783706458, 0.0023184437171650347, 0.0018082351173437487, 0.00142540206117369, 0.001463391218167464]
--------------------------------------------------
[0.1 0.1]
cost:  0.03798080704504721
--------------------------------------------------
[0.1 0.1]
cost:  0.03798080704504721
--------------------------------------------------
[0.1 0.1]
cost:  0.03798080704504721
--------------------------------------------------
[0.1 0.1]
cost:  0.03798080704504721
--------------------------------------------------
[0.1 0.1]
cost:  0.03798080704504721
--------------------------------------------------
[0.1 0.1]
cost:  0.03798080704504721
--------------------------------------------------
[0.1 0.1]
cost:  0.03798080704504721
--------------------------------------------------
[0.09999394 0.1       ]
cost:  0.037980530455932617
--------------------------------------------------
[0.10000606 0.1       ]
cost:  0.03798108359787573
--------------------------------------------------
[0.1        0.09999394]
cost:  0.03796994379640836
--------------------------------------------------
[0.1        0.10000606]
cost:  0.03796225691698788
Optimized ua: 0.1
Optimized us: 0.1
Optimized Reflectance (r): [0.003457464182509865, 0.001980878000784244, 0.0010530285877849942, 0.0008035309551478107, 0.00043267349675332495, 0.0004250294199650838, 0.0003313666166975546, 0.0001709108346467555, 0.00014504658782240685, 0.0002297146942205035]
Target Reflectance (r): [0.017224096536046313, 0.007471655626211807, 0.0060548643240016875, 0.004308402758773683, 0.002837477484125674, 0.0020984815783706458, 0.0023184437171650347, 0.0018082351173437487, 0.00142540206117369, 0.001463391218167464]
--------------------------------------------------
[0.2 0.2]
cost:  0.03281268601282977
--------------------------------------------------
[0.2 0.2]
cost:  0.03281268601282977
--------------------------------------------------
[0.2 0.2]
cost:  0.03281268601282977
--------------------------------------------------
[0.2 0.2]
cost:  0.03281268601282977
--------------------------------------------------
[0.2 0.2]
cost:  0.03281268601282977
--------------------------------------------------
[0.2 0.2]
cost:  0.03281268601282977
--------------------------------------------------
[0.19999394 0.2       ]
cost:  0.03281253729654935
--------------------------------------------------
[0.20000606 0.2       ]
cost:  0.03281283435885914
--------------------------------------------------
[0.2        0.19999394]
cost:  0.03281397899570117
--------------------------------------------------
[0.2        0.20000606]
cost:  0.032892915613904464
Optimized ua: 0.2
Optimized us: 0.2
Optimized Reflectance (r): [0.00600772716386266, 0.0025690521084249305, 0.0018367371639622884, 0.0010530625097740615, 0.0009364994078809348, 0.0004999686155489756, 0.00047814835459755696, 0.00034046664727397914, 0.00030537332185363614, 0.00017072911537095606]
Target Reflectance (r): [0.017224096536046313, 0.007471655626211807, 0.0060548643240016875, 0.004308402758773683, 0.002837477484125674, 0.0020984815783706458, 0.0023184437171650347, 0.0018082351173437487, 0.00142540206117369, 0.001463391218167464]
--------------------------------------------------
[0.1 0.1]
cost:  0.03798080704504721
--------------------------------------------------
[0.10000001 0.1       ]
cost:  0.03798080778690587
--------------------------------------------------
[0.1        0.10000001]
cost:  0.03798080686584121
--------------------------------------------------
[0.04243336 0.36604993]
cost:  0.011739053112835797
--------------------------------------------------
[0.04243338 0.36604993]
cost:  0.011739054745251009
--------------------------------------------------
[0.04243336 0.36604995]
cost:  0.011739053112835797
--------------------------------------------------
[0.01255336 0.36604993]
cost:  0.009744344870321962
--------------------------------------------------
[0.01255337 0.36604993]
cost:  0.009744344902196181
--------------------------------------------------
[0.01255336 0.36604995]
cost:  0.009744344870321962
--------------------------------------------------
[0.00102923 0.36604993]
cost:  0.0097152985498282
--------------------------------------------------
[0.00102924 0.36604993]
cost:  0.009715298525543084
--------------------------------------------------
[0.00102923 0.36604995]
cost:  0.0097152985498282
--------------------------------------------------
[0.67037462 0.36604993]
cost:  0.03257090023994561
--------------------------------------------------
[0.16836558 0.36604993]
cost:  0.020525781846177198
--------------------------------------------------
[0.04286331 0.36604993]
cost:  0.011787050616219557
--------------------------------------------------
[0.01148775 0.36604993]
cost:  0.009739624663190352
--------------------------------------------------
[0.00364386 0.36604993]
cost:  0.009717229605195464
--------------------------------------------------
[0.00168288 0.36604993]
cost:  0.009715491136877679
--------------------------------------------------
[0.00119264 0.36604993]
cost:  0.009715328062316696
--------------------------------------------------
[0.00107008 0.36604993]
cost:  0.009715304727354851
--------------------------------------------------
[0.00103944 0.36604993]
cost:  0.009715300003899582
--------------------------------------------------
[0.00103178 0.36604993]
cost:  0.009715298871606
--------------------------------------------------
[0.00102987 0.36604993]
cost:  0.009715298601434072
--------------------------------------------------
[0.00102939 0.36604993]
cost:  0.009715298595362794
--------------------------------------------------
[0.00102927 0.36604993]
cost:  0.009715298498222325
--------------------------------------------------
[0.00102928 0.36604993]
cost:  0.009715298422331334
--------------------------------------------------
[0.00102927 0.36604995]
cost:  0.009715298498222325
--------------------------------------------------
[0.00102935 0.36604993]
cost:  0.009715298589291514
--------------------------------------------------
[0.00102929 0.36604993]
cost:  0.009715298480008487
--------------------------------------------------
[0.0010293  0.36604993]
cost:  0.009715298443580813
--------------------------------------------------
[0.00102929 0.36604995]
cost:  0.009715298480008487
--------------------------------------------------
[0.00102929 0.36604993]
cost:  0.009715298461794648
--------------------------------------------------
[0.00102931 0.36604993]
cost:  0.009715298476972849
--------------------------------------------------
[0.00102929 0.36604995]
cost:  0.009715298461794648
Optimized ua: 0.001029291772015843
Optimized us: 0.36604993484191073
Optimized Reflectance (r): [0.014081908749701435, 0.005477526236728036, 0.004864169718325484, 0.0031945757228051077, 0.003083340281957196, 0.0026767572130785384, 0.0020744274218917657, 0.002171222619471499, 0.0016675811873422073, 0.0020645295063797353]
Target Reflectance (r): [0.017224096536046313, 0.007471655626211807, 0.0060548643240016875, 0.004308402758773683, 0.002837477484125674, 0.0020984815783706458, 0.0023184437171650347, 0.0018082351173437487, 0.00142540206117369, 0.001463391218167464]
--------------------------------------------------
[0.1 0.1]
cost:  0.03798080704504721
--------------------------------------------------
[0.10000001 0.1       ]
cost:  0.03798080778690587
--------------------------------------------------
[0.1        0.10000001]
cost:  0.03798080686584121
--------------------------------------------------
[0.04243336 0.36604993]
cost:  0.011739053112835797
--------------------------------------------------
[0.04243338 0.36604993]
cost:  0.011739054745251009
--------------------------------------------------
[0.04243336 0.36604995]
cost:  0.011739053112835797
--------------------------------------------------
[0.01255336 0.36604993]
cost:  0.009744344870321962
--------------------------------------------------
[0.01255337 0.36604993]
cost:  0.009744344902196181
--------------------------------------------------
[0.01255336 0.36604995]
cost:  0.009744344870321962
--------------------------------------------------
[0.00102923 0.36604993]
cost:  0.0097152985498282
--------------------------------------------------
[0.00102924 0.36604993]
cost:  0.009715298525543084
--------------------------------------------------
[0.00102923 0.36604995]
cost:  0.0097152985498282
--------------------------------------------------
[0.67037462 0.36604993]
cost:  0.03257090023994561
--------------------------------------------------
[0.16836558 0.36604993]
cost:  0.020525781846177198
--------------------------------------------------
[0.04286331 0.36604993]
cost:  0.011787050616219557
--------------------------------------------------
[0.01148775 0.36604993]
cost:  0.009739624663190352
--------------------------------------------------
[0.00364386 0.36604993]
cost:  0.009717229605195464
--------------------------------------------------
[0.00168288 0.36604993]
cost:  0.009715491136877679
--------------------------------------------------
[0.00119264 0.36604993]
cost:  0.009715328062316696
--------------------------------------------------
[0.00107008 0.36604993]
cost:  0.009715304727354851
--------------------------------------------------
[0.00103944 0.36604993]
cost:  0.009715300003899582
--------------------------------------------------
[0.00103178 0.36604993]
cost:  0.009715298871606
--------------------------------------------------
[0.00102987 0.36604993]
cost:  0.009715298601434072
--------------------------------------------------
[0.00102939 0.36604993]
cost:  0.009715298595362794
--------------------------------------------------
[0.00102927 0.36604993]
cost:  0.009715298498222325
--------------------------------------------------
[0.00102928 0.36604993]
cost:  0.009715298422331334
--------------------------------------------------
[0.00102927 0.36604995]
cost:  0.009715298498222325
--------------------------------------------------
[0.00102935 0.36604993]
cost:  0.009715298589291514
--------------------------------------------------
[0.00102929 0.36604993]
cost:  0.009715298480008487
--------------------------------------------------
[0.0010293  0.36604993]
cost:  0.009715298443580813
--------------------------------------------------
[0.00102929 0.36604995]
cost:  0.009715298480008487
--------------------------------------------------
[0.00102929 0.36604993]
cost:  0.009715298461794648
--------------------------------------------------
[0.00102931 0.36604993]
cost:  0.009715298476972849
--------------------------------------------------
[0.00102929 0.36604995]
cost:  0.009715298461794648
Optimized ua: 0.001029291772015843
Optimized us: 0.36604993484191084
Optimized Reflectance (r): [0.014081908749701435, 0.005477526236728036, 0.004864169718325484, 0.0031945757228051077, 0.003083340281957196, 0.0026767572130785384, 0.0020744274218917657, 0.002171222619471499, 0.0016675811873422073, 0.0020645295063797353]
Target Reflectance (r): [0.017224096536046313, 0.007471655626211807, 0.0060548643240016875, 0.004308402758773683, 0.002837477484125674, 0.0020984815783706458, 0.0023184437171650347, 0.0018082351173437487, 0.00142540206117369, 0.001463391218167464]
--------------------------------------------------
[0.1 0.1]
cost:  0.03798080704504721
--------------------------------------------------
[0.10000001 0.1       ]
cost:  0.03798080778690587
--------------------------------------------------
[0.1        0.10000001]
cost:  0.03798080686584121
--------------------------------------------------
[0.04243336 0.36604993]
cost:  0.011739053112835797
--------------------------------------------------
[0.04243338 0.36604993]
cost:  0.011739054745251009
--------------------------------------------------
[0.04243336 0.36604995]
cost:  0.011739053112835797
--------------------------------------------------
[0.01255336 0.36604993]
cost:  0.009744344870321962
--------------------------------------------------
[0.01255337 0.36604993]
cost:  0.009744344902196181
--------------------------------------------------
[0.01255336 0.36604995]
cost:  0.009744344870321962
--------------------------------------------------
[0.00102923 0.36604993]
cost:  0.0097152985498282
--------------------------------------------------
[0.00102924 0.36604993]
cost:  0.009715298525543084
--------------------------------------------------
[0.00102923 0.36604995]
cost:  0.0097152985498282
--------------------------------------------------
[0.67037462 0.36604993]
cost:  0.03257090023994561
--------------------------------------------------
[0.16836558 0.36604993]
cost:  0.020525781846177198
--------------------------------------------------
[0.04286331 0.36604993]
cost:  0.011787050616219557
--------------------------------------------------
[0.01148775 0.36604993]
cost:  0.009739624663190352
--------------------------------------------------
[0.00364386 0.36604993]
cost:  0.009717229605195464
--------------------------------------------------
[0.00168288 0.36604993]
cost:  0.009715491136877679
--------------------------------------------------
[0.00119264 0.36604993]
cost:  0.009715328062316696
--------------------------------------------------
[0.00107008 0.36604993]
cost:  0.009715304727354851
--------------------------------------------------
[0.00103944 0.36604993]
cost:  0.009715300003899582
--------------------------------------------------
[0.00103178 0.36604993]
cost:  0.009715298871606
--------------------------------------------------
[0.00102987 0.36604993]
cost:  0.009715298601434072
--------------------------------------------------
[0.00102939 0.36604993]
cost:  0.009715298595362794
--------------------------------------------------
[0.00102927 0.36604993]
cost:  0.009715298498222325
--------------------------------------------------
[0.00102928 0.36604993]
cost:  0.009715298422331334
--------------------------------------------------
[0.00102927 0.36604995]
cost:  0.009715298498222325
--------------------------------------------------
[0.00102935 0.36604993]
cost:  0.009715298589291514
--------------------------------------------------
[0.00102929 0.36604993]
cost:  0.009715298480008487
--------------------------------------------------
[0.0010293  0.36604993]
cost:  0.009715298443580813
--------------------------------------------------
[0.00102929 0.36604995]
cost:  0.009715298480008487
--------------------------------------------------
[0.00102929 0.36604993]
cost:  0.009715298461794648
--------------------------------------------------
[0.00102931 0.36604993]
cost:  0.009715298476972849
--------------------------------------------------
[0.00102929 0.36604995]
cost:  0.009715298461794648
Optimized ua: 0.0010292917720158413
Optimized us: 0.36604993484191073
Optimized Reflectance (r): [0.014081908749701435, 0.005477526236728036, 0.004864169718325484, 0.0031945757228051077, 0.003083340281957196, 0.0026767572130785384, 0.0020744274218917657, 0.002171222619471499, 0.0016675811873422073, 0.0020645295063797353]
Target Reflectance (r): [0.017224096536046313, 0.007471655626211807, 0.0060548643240016875, 0.004308402758773683, 0.002837477484125674, 0.0020984815783706458, 0.0023184437171650347, 0.0018082351173437487, 0.00142540206117369, 0.001463391218167464]
--------------------------------------------------
[0.1 0.1]
cost:  0.03798080704504721
--------------------------------------------------
[0.10000001 0.1       ]
cost:  0.03798080778690587
--------------------------------------------------
[0.1        0.10000001]
cost:  0.03798080686584121
--------------------------------------------------
[0.04243336 0.36604993]
cost:  0.011739053112835797
--------------------------------------------------
[0.04243338 0.36604993]
cost:  0.011739054745251009
--------------------------------------------------
[0.04243336 0.36604995]
cost:  0.011739053112835797
--------------------------------------------------
[0.01255336 0.36604993]
cost:  0.009744344870321962
--------------------------------------------------
[0.01255337 0.36604993]
cost:  0.009744344902196181
--------------------------------------------------
[0.01255336 0.36604995]
cost:  0.009744344870321962
--------------------------------------------------
[0.00102923 0.36604993]
cost:  0.0097152985498282
--------------------------------------------------
[0.00102924 0.36604993]
cost:  0.009715298525543084
--------------------------------------------------
[0.00102923 0.36604995]
cost:  0.0097152985498282
--------------------------------------------------
[0.67037462 0.36604993]
cost:  0.03257090023994561
--------------------------------------------------
[0.16836558 0.36604993]
cost:  0.020525781846177198
--------------------------------------------------
[0.04286331 0.36604993]
cost:  0.011787050616219557
--------------------------------------------------
[0.01148775 0.36604993]
cost:  0.009739624663190352
--------------------------------------------------
[0.00364386 0.36604993]
cost:  0.009717229605195464
--------------------------------------------------
[0.00168288 0.36604993]
cost:  0.009715491136877679
--------------------------------------------------
[0.00119264 0.36604993]
cost:  0.009715328062316696
--------------------------------------------------
[0.00107008 0.36604993]
cost:  0.009715304727354851
--------------------------------------------------
[0.00103944 0.36604993]
cost:  0.009715300003899582
--------------------------------------------------
[0.00103178 0.36604993]
cost:  0.009715298871606
--------------------------------------------------
[0.00102987 0.36604993]
cost:  0.009715298601434072
--------------------------------------------------
[0.00102939 0.36604993]
cost:  0.009715298595362794
--------------------------------------------------
[0.00102927 0.36604993]
cost:  0.009715298498222325
--------------------------------------------------
[0.00102928 0.36604993]
cost:  0.009715298422331334
--------------------------------------------------
[0.00102927 0.36604995]
cost:  0.009715298498222325
--------------------------------------------------
[0.00102935 0.36604993]
cost:  0.009715298589291514
--------------------------------------------------
[0.00102929 0.36604993]
cost:  0.009715298480008487
--------------------------------------------------
[0.0010293  0.36604993]
cost:  0.009715298443580813
--------------------------------------------------
[0.00102929 0.36604995]
cost:  0.009715298480008487
--------------------------------------------------
[0.00102929 0.36604993]
cost:  0.009715298461794648
--------------------------------------------------
[0.00102931 0.36604993]
cost:  0.009715298476972849
--------------------------------------------------
[0.00102929 0.36604995]
cost:  0.009715298461794648
Optimized ua: 0.0010292917720158413
Optimized us: 0.36604993484191084
Optimized Reflectance (r): [0.014081908749701435, 0.005477526236728036, 0.004864169718325484, 0.0031945757228051077, 0.003083340281957196, 0.0026767572130785384, 0.0020744274218917657, 0.002171222619471499, 0.0016675811873422073, 0.0020645295063797353]
Target Reflectance (r): [0.017224096536046313, 0.007471655626211807, 0.0060548643240016875, 0.004308402758773683, 0.002837477484125674, 0.0020984815783706458, 0.0023184437171650347, 0.0018082351173437487, 0.00142540206117369, 0.001463391218167464]
--------------------------------------------------
[0.1 0.1]
cost:  0.03798080704504721
--------------------------------------------------
[0.10000001 0.1       ]
cost:  0.03798080778690587
--------------------------------------------------
[0.1        0.10000001]
cost:  0.03798080686584121
--------------------------------------------------
[0.04243336 0.36604993]
cost:  0.011739053112835797
--------------------------------------------------
[0.04243338 0.36604993]
cost:  0.011739054745251009
--------------------------------------------------
[0.04243336 0.36604995]
cost:  0.011739053112835797
--------------------------------------------------
[0.01255336 0.36604993]
cost:  0.009744344870321962
--------------------------------------------------
[0.01255337 0.36604993]
cost:  0.009744344902196181
--------------------------------------------------
[0.01255336 0.36604995]
cost:  0.009744344870321962
--------------------------------------------------
[0.00102923 0.36604993]
cost:  0.0097152985498282
--------------------------------------------------
[0.00102924 0.36604993]
cost:  0.009715298525543084
--------------------------------------------------
[0.00102923 0.36604995]
cost:  0.0097152985498282
--------------------------------------------------
[0.67037462 0.36604993]
cost:  0.03257090023994561
--------------------------------------------------
[0.16836558 0.36604993]
cost:  0.020525781846177198
--------------------------------------------------
[0.04286331 0.36604993]
cost:  0.011787050616219557
--------------------------------------------------
[0.01148775 0.36604993]
cost:  0.009739624663190352
--------------------------------------------------
[0.00364386 0.36604993]
cost:  0.009717229605195464
--------------------------------------------------
[0.00168288 0.36604993]
cost:  0.009715491136877679
--------------------------------------------------
[0.00119264 0.36604993]
cost:  0.009715328062316696
--------------------------------------------------
[0.00107008 0.36604993]
cost:  0.009715304727354851
--------------------------------------------------
[0.00103944 0.36604993]
cost:  0.009715300003899582
--------------------------------------------------
[0.00103178 0.36604993]
cost:  0.009715298871606
--------------------------------------------------
[0.00102987 0.36604993]
cost:  0.009715298601434072
--------------------------------------------------
[0.00102939 0.36604993]
cost:  0.009715298595362794
--------------------------------------------------
[0.00102927 0.36604993]
cost:  0.009715298498222325
--------------------------------------------------
[0.00102928 0.36604993]
cost:  0.009715298422331334
--------------------------------------------------
[0.00102927 0.36604995]
cost:  0.009715298498222325
--------------------------------------------------
[0.00102935 0.36604993]
cost:  0.009715298589291514
--------------------------------------------------
[0.00102929 0.36604993]
cost:  0.009715298480008487
--------------------------------------------------
[0.0010293  0.36604993]
cost:  0.009715298443580813
--------------------------------------------------
[0.00102929 0.36604995]
cost:  0.009715298480008487
--------------------------------------------------
[0.00102929 0.36604993]
cost:  0.009715298461794648
--------------------------------------------------
[0.00102931 0.36604993]
cost:  0.009715298476972849
--------------------------------------------------
[0.00102929 0.36604995]
cost:  0.009715298461794648
Optimized ua: 0.0010292917720158465
Optimized us: 0.36604993484191073
Optimized Reflectance (r): [0.014081908749701435, 0.005477526236728036, 0.004864169718325484, 0.0031945757228051077, 0.003083340281957196, 0.0026767572130785384, 0.0020744274218917657, 0.002171222619471499, 0.0016675811873422073, 0.0020645295063797353]
Target Reflectance (r): [0.017224096536046313, 0.007471655626211807, 0.0060548643240016875, 0.004308402758773683, 0.002837477484125674, 0.0020984815783706458, 0.0023184437171650347, 0.0018082351173437487, 0.00142540206117369, 0.001463391218167464]
--------------------------------------------------
[0.05 0.5 ]
cost:  0.0
--------------------------------------------------
[0.05000001 0.5       ]
cost:  2.0223051759669236e-09
--------------------------------------------------
[0.05       0.50000001]
cost:  0.0
Optimized ua: 0.05
Optimized us: 0.5
Target ua: 0.05
Target us: 0.5
Optimized Reflectance (r): [0.017224096536046313, 0.007471655626211807, 0.0060548643240016875, 0.004308402758773683, 0.002837477484125674, 0.0020984815783706458, 0.0023184437171650347, 0.0018082351173437487, 0.00142540206117369, 0.001463391218167464]
Target Reflectance (r): [0.017224096536046313, 0.007471655626211807, 0.0060548643240016875, 0.004308402758773683, 0.002837477484125674, 0.0020984815783706458, 0.0023184437171650347, 0.0018082351173437487, 0.00142540206117369, 0.001463391218167464]
--------------------------------------------------
[0.01 0.8 ]
cost:  0.03959217054337315
--------------------------------------------------
[0.01000001 0.8       ]
cost:  0.039592166706324664
--------------------------------------------------
[0.01       0.80000001]
cost:  0.03959217054337315
--------------------------------------------------
[0.14937377 0.8       ]
cost:  0.01794597629358495
--------------------------------------------------
[0.14937379 0.8       ]
cost:  0.017945975581810457
--------------------------------------------------
[0.14937377 0.80000001]
cost:  0.01794597629358495
--------------------------------------------------
[0.44331216 0.8       ]
cost:  0.014322500135033363
--------------------------------------------------
[0.44331218 0.8       ]
cost:  0.014322500135033363
--------------------------------------------------
[0.44331216 0.80000001]
cost:  0.014322500135033363
Optimized ua: 0.4433121604942175
Optimized us: 0.8
Target ua: 0.4433121604942175
Target us: 0.8
Optimized Reflectance (r): [0.02185254281512672, 0.008264311167826785, 0.004547879525420731, 0.002386166593796898, 0.001942455988540509, 0.0016317281641936967, 0.0009763858097821711, 0.0006696076088282167, 0.0007761452533915896, 0.00048293100082983726]
Target Reflectance (r): [0.017224096536046313, 0.007471655626211807, 0.0060548643240016875, 0.004308402758773683, 0.002837477484125674, 0.0020984815783706458, 0.0023184437171650347, 0.0018082351173437487, 0.00142540206117369, 0.001463391218167464]
--------------------------------------------------
[0.01 0.8 ]
cost:  0.03959217054337315
--------------------------------------------------
[0.01000001 0.8       ]
cost:  0.039592166706324664
--------------------------------------------------
[0.01       0.80000001]
cost:  0.03959217054337315
--------------------------------------------------
[0.98657565 0.8       ]
cost:  0.020106806598004227
--------------------------------------------------
[0.98657566 0.8       ]
cost:  0.020106806598004227
--------------------------------------------------
[0.98657565 0.80000001]
cost:  0.020106806598004227
Optimized ua: 0.986575649911465
Optimized us: 0.8
Target ua: 0.986575649911465
Target us: 0.8
Optimized Reflectance (r): [0.01630835042157181, 0.005010380762204146, 0.0023312601718699245, 0.001084036588408342, 0.0007683470828079206, 0.0005930023203606139, 0.00030473619847456936, 0.00018634341538390195, 0.00020746313953446115, 0.00010972372275983025]
Target Reflectance (r): [0.017224096536046313, 0.007471655626211807, 0.0060548643240016875, 0.004308402758773683, 0.002837477484125674, 0.0020984815783706458, 0.0023184437171650347, 0.0018082351173437487, 0.00142540206117369, 0.001463391218167464]
--------------------------------------------------
[0.01 0.8 ]
cost:  0.03959217054337315
--------------------------------------------------
[0.01000001 0.8       ]
cost:  0.039592166706324664
--------------------------------------------------
[0.01       0.80000001]
cost:  0.03959217054337315
--------------------------------------------------
[0.98657565 0.8       ]
cost:  0.020106806598004227
--------------------------------------------------
[0.98657566 0.8       ]
cost:  0.020106806598004227
--------------------------------------------------
[0.98657565 0.80000001]
cost:  0.020106806598004227
Optimized ua: 0.986575649911465
Optimized us: 0.8
Target ua: 0.986575649911465
Target us: 0.8
Optimized Reflectance (r): [0.01630835042157181, 0.005010380762204146, 0.0023312601718699245, 0.001084036588408342, 0.0007683470828079206, 0.0005930023203606139, 0.00030473619847456936, 0.00018634341538390195, 0.00020746313953446115, 0.00010972372275983025]
Target Reflectance (r): [0.017224096536046313, 0.007471655626211807, 0.0060548643240016875, 0.004308402758773683, 0.002837477484125674, 0.0020984815783706458, 0.0023184437171650347, 0.0018082351173437487, 0.00142540206117369, 0.001463391218167464]
--------------------------------------------------
[0.01 0.8 ]
cost:  0.03959217054337315
--------------------------------------------------
[0.01000001 0.8       ]
cost:  0.039592166706324664
--------------------------------------------------
[0.01       0.80000001]
cost:  0.03959217054337315
--------------------------------------------------
[0.98657565 0.8       ]
cost:  0.020106806598004227
--------------------------------------------------
[0.98657566 0.8       ]
cost:  0.020106806598004227
--------------------------------------------------
[0.98657565 0.80000001]
cost:  0.020106806598004227
Optimized ua: 0.986575649911465
Optimized us: 0.8
Optimized Reflectance (r): [0.01630835042157181, 0.005010380762204146, 0.0023312601718699245, 0.001084036588408342, 0.0007683470828079206, 0.0005930023203606139, 0.00030473619847456936, 0.00018634341538390195, 0.00020746313953446115, 0.00010972372275983025]
Target Reflectance (r): [0.017224096536046313, 0.007471655626211807, 0.0060548643240016875, 0.004308402758773683, 0.002837477484125674, 0.0020984815783706458, 0.0023184437171650347, 0.0018082351173437487, 0.00142540206117369, 0.001463391218167464]
--------------------------------------------------
[0.01 0.8 ]
cost:  0.03959217054337315
--------------------------------------------------
[0.01000001 0.8       ]
cost:  0.039592166706324664
--------------------------------------------------
[0.01       0.80000001]
cost:  0.03959217054337315
--------------------------------------------------
[0.98657565 0.8       ]
cost:  0.020106806598004227
--------------------------------------------------
[0.98657566 0.8       ]
cost:  0.020106806598004227
--------------------------------------------------
[0.98657565 0.80000001]
cost:  0.020106806598004227
Optimized ua: 0.9865756499114651
Optimized us: 0.8
Optimized Reflectance (r): [0.01630835042157181, 0.005010380762204146, 0.0023312601718699245, 0.001084036588408342, 0.0007683470828079206, 0.0005930023203606139, 0.00030473619847456936, 0.00018634341538390195, 0.00020746313953446115, 0.00010972372275983025]
Target Reflectance (r): [0.017224096536046313, 0.007471655626211807, 0.0060548643240016875, 0.004308402758773683, 0.002837477484125674, 0.0020984815783706458, 0.0023184437171650347, 0.0018082351173437487, 0.00142540206117369, 0.001463391218167464]
--------------------------------------------------
[0.01 0.8 ]
cost:  0.03959217054337315
--------------------------------------------------
[0.01000001 0.8       ]
cost:  0.039592166706324664
--------------------------------------------------
[0.01       0.80000001]
cost:  0.03959217054337315
--------------------------------------------------
[0.98657565 0.8       ]
cost:  0.020106806598004227
--------------------------------------------------
[0.98657566 0.8       ]
cost:  0.020106806598004227
--------------------------------------------------
[0.98657565 0.80000001]
cost:  0.020106806598004227
Optimized ua: 0.9865756499114651
Optimized us: 0.8
Optimized Reflectance (r): [0.01630835042157181, 0.005010380762204146, 0.0023312601718699245, 0.001084036588408342, 0.0007683470828079206, 0.0005930023203606139, 0.00030473619847456936, 0.00018634341538390195, 0.00020746313953446115, 0.00010972372275983025]
Target Reflectance (r): [0.017224096536046313, 0.007471655626211807, 0.0060548643240016875, 0.004308402758773683, 0.002837477484125674, 0.0020984815783706458, 0.0023184437171650347, 0.0018082351173437487, 0.00142540206117369, 0.001463391218167464]
--------------------------------------------------
[0.01 0.8 ]
cost:  0.03959217054337315
--------------------------------------------------
[0.01000001 0.8       ]
cost:  0.039592166706324664
--------------------------------------------------
[0.01       0.80000001]
cost:  0.03959217054337315
--------------------------------------------------
[0.98657565 0.8       ]
cost:  0.020106806598004227
--------------------------------------------------
[0.98657566 0.8       ]
cost:  0.020106806598004227
--------------------------------------------------
[0.98657565 0.80000001]
cost:  0.020106806598004227
Optimized ua: 0.9865756499114651
Optimized us: 0.8
Optimized Reflectance (r): [0.01630835042157181, 0.005010380762204146, 0.0023312601718699245, 0.001084036588408342, 0.0007683470828079206, 0.0005930023203606139, 0.00030473619847456936, 0.00018634341538390195, 0.00020746313953446115, 0.00010972372275983025]
Target Reflectance (r): [0.017224096536046313, 0.007471655626211807, 0.0060548643240016875, 0.004308402758773683, 0.002837477484125674, 0.0020984815783706458, 0.0023184437171650347, 0.0018082351173437487, 0.00142540206117369, 0.001463391218167464]
